<?xml version="1.0" encoding="utf-8"?>

<config>

    <bin-path>/path/to/junit/bin</bin-path>

</config>
